-------------------------------------------------------------------------------
Test set: eu.ist_phosphorus.harmony.test.adapter.uclp.webservice.TestWebservice
-------------------------------------------------------------------------------
Tests run: 6, Failures: 0, Errors: 6, Skipped: 0, Time elapsed: 2.309 sec <<< FAILURE!
testGetStatus(eu.ist_phosphorus.harmony.test.adapter.uclp.webservice.TestWebservice)  Time elapsed: 1.715 sec  <<< ERROR!
eu.ist_phosphorus.harmony.common.serviceinterface.databinding.jaxb.exceptions.UnexpectedFaultException: AbstractTopologyRegistrator has to be Instanciated before forwarding Requests!
	at eu.ist_phosphorus.harmony.common.serviceinterface.utils.ForwardingHelper.getLocalDomain(ForwardingHelper.java:141)
	at eu.ist_phosphorus.harmony.common.serviceinterface.utils.ForwardingHelper.getSuffix(ForwardingHelper.java:217)
	at eu.ist_phosphorus.harmony.common.serviceinterface.utils.ForwardingHelper.isForeignRequest(ForwardingHelper.java:386)
	at eu.ist_phosphorus.harmony.common.serviceinterface.reservation.CommonReservationHandler.invokeMethod(CommonReservationHandler.java:179)
	at eu.ist_phosphorus.harmony.common.serviceinterface.RequestHandler.runRequest(RequestHandler.java:230)
	at eu.ist_phosphorus.harmony.common.serviceinterface.RequestHandler.handle(RequestHandler.java:113)
	at eu.ist_phosphorus.harmony.adapter.uclp.webservice.ReservationWS.getStatus(ReservationWS.java:175)
	at sun.reflect.NativeMethodAccessorImpl.invoke0(Native Method)
	at sun.reflect.NativeMethodAccessorImpl.invoke(NativeMethodAccessorImpl.java:57)
	at sun.reflect.DelegatingMethodAccessorImpl.invoke(DelegatingMethodAccessorImpl.java:43)
	at java.lang.reflect.Method.invoke(Method.java:616)
	at eu.ist_phosphorus.harmony.common.serviceinterface.reservation.CommonReservationClient.callServer(CommonReservationClient.java:134)
	at eu.ist_phosphorus.harmony.common.serviceinterface.reservation.CommonReservationClient.getStatus(CommonReservationClient.java:245)
	at eu.ist_phosphorus.harmony.common.serviceinterface.reservation.SimpleReservationClient.getStatus(SimpleReservationClient.java:573)
	at eu.ist_phosphorus.harmony.common.serviceinterface.reservation.SimpleReservationClient.getStatus(SimpleReservationClient.java:585)
	at eu.ist_phosphorus.harmony.test.adapter.uclp.webservice.TestWebservice.testGetStatus(TestWebservice.java:332)
	at sun.reflect.NativeMethodAccessorImpl.invoke0(Native Method)
	at sun.reflect.NativeMethodAccessorImpl.invoke(NativeMethodAccessorImpl.java:57)
	at sun.reflect.DelegatingMethodAccessorImpl.invoke(DelegatingMethodAccessorImpl.java:43)
	at java.lang.reflect.Method.invoke(Method.java:616)
	at org.junit.runners.model.FrameworkMethod$1.runReflectiveCall(FrameworkMethod.java:44)
	at org.junit.internal.runners.model.ReflectiveCallable.run(ReflectiveCallable.java:15)
	at org.junit.runners.model.FrameworkMethod.invokeExplosively(FrameworkMethod.java:41)
	at org.junit.internal.runners.statements.InvokeMethod.evaluate(InvokeMethod.java:20)
	at org.junit.internal.runners.statements.FailOnTimeout$1.run(FailOnTimeout.java:28)

testAvailability(eu.ist_phosphorus.harmony.test.adapter.uclp.webservice.TestWebservice)  Time elapsed: 0.041 sec  <<< ERROR!
eu.ist_phosphorus.harmony.common.serviceinterface.databinding.jaxb.exceptions.UnexpectedFaultException: Topology registrator must be initialized first!
	at eu.ist_phosphorus.harmony.common.serviceinterface.utils.ForwardingHelper.isForeignDomain(ForwardingHelper.java:261)
	at eu.ist_phosphorus.harmony.common.serviceinterface.utils.ForwardingHelper.isForeignRequest(ForwardingHelper.java:334)
	at eu.ist_phosphorus.harmony.common.serviceinterface.utils.ForwardingHelper.isForeignRequest(ForwardingHelper.java:382)
	at eu.ist_phosphorus.harmony.common.serviceinterface.reservation.CommonReservationHandler.invokeMethod(CommonReservationHandler.java:179)
	at eu.ist_phosphorus.harmony.common.serviceinterface.RequestHandler.runRequest(RequestHandler.java:230)
	at eu.ist_phosphorus.harmony.common.serviceinterface.RequestHandler.handle(RequestHandler.java:113)
	at eu.ist_phosphorus.harmony.adapter.uclp.webservice.ReservationWS.isAvailable(ReservationWS.java:188)
	at sun.reflect.NativeMethodAccessorImpl.invoke0(Native Method)
	at sun.reflect.NativeMethodAccessorImpl.invoke(NativeMethodAccessorImpl.java:57)
	at sun.reflect.DelegatingMethodAccessorImpl.invoke(DelegatingMethodAccessorImpl.java:43)
	at java.lang.reflect.Method.invoke(Method.java:616)
	at eu.ist_phosphorus.harmony.common.serviceinterface.reservation.CommonReservationClient.callServer(CommonReservationClient.java:134)
	at eu.ist_phosphorus.harmony.common.serviceinterface.reservation.CommonReservationClient.isAvailable(CommonReservationClient.java:280)
	at eu.ist_phosphorus.harmony.test.adapter.uclp.webservice.TestWebservice.createAvailability(TestWebservice.java:190)
	at eu.ist_phosphorus.harmony.test.adapter.uclp.webservice.TestWebservice.testAvailability(TestWebservice.java:345)
	at sun.reflect.NativeMethodAccessorImpl.invoke0(Native Method)
	at sun.reflect.NativeMethodAccessorImpl.invoke(NativeMethodAccessorImpl.java:57)
	at sun.reflect.DelegatingMethodAccessorImpl.invoke(DelegatingMethodAccessorImpl.java:43)
	at java.lang.reflect.Method.invoke(Method.java:616)
	at org.junit.runners.model.FrameworkMethod$1.runReflectiveCall(FrameworkMethod.java:44)
	at org.junit.internal.runners.model.ReflectiveCallable.run(ReflectiveCallable.java:15)
	at org.junit.runners.model.FrameworkMethod.invokeExplosively(FrameworkMethod.java:41)
	at org.junit.internal.runners.statements.InvokeMethod.evaluate(InvokeMethod.java:20)
	at org.junit.internal.runners.statements.FailOnTimeout$1.run(FailOnTimeout.java:28)

testCreateReservation(eu.ist_phosphorus.harmony.test.adapter.uclp.webservice.TestWebservice)  Time elapsed: 0.025 sec  <<< ERROR!
eu.ist_phosphorus.harmony.common.serviceinterface.databinding.jaxb.exceptions.UnexpectedFaultException: Topology registrator must be initialized first!
	at eu.ist_phosphorus.harmony.common.serviceinterface.utils.ForwardingHelper.isForeignDomain(ForwardingHelper.java:261)
	at eu.ist_phosphorus.harmony.common.serviceinterface.utils.ForwardingHelper.isForeignRequest(ForwardingHelper.java:334)
	at eu.ist_phosphorus.harmony.common.serviceinterface.utils.ForwardingHelper.isForeignRequest(ForwardingHelper.java:377)
	at eu.ist_phosphorus.harmony.common.serviceinterface.reservation.CommonReservationHandler.invokeMethod(CommonReservationHandler.java:179)
	at eu.ist_phosphorus.harmony.common.serviceinterface.RequestHandler.runRequest(RequestHandler.java:230)
	at eu.ist_phosphorus.harmony.common.serviceinterface.RequestHandler.handle(RequestHandler.java:113)
	at eu.ist_phosphorus.harmony.adapter.uclp.webservice.ReservationWS.createReservation(ReservationWS.java:121)
	at sun.reflect.NativeMethodAccessorImpl.invoke0(Native Method)
	at sun.reflect.NativeMethodAccessorImpl.invoke(NativeMethodAccessorImpl.java:57)
	at sun.reflect.DelegatingMethodAccessorImpl.invoke(DelegatingMethodAccessorImpl.java:43)
	at java.lang.reflect.Method.invoke(Method.java:616)
	at eu.ist_phosphorus.harmony.common.serviceinterface.reservation.CommonReservationClient.callServer(CommonReservationClient.java:134)
	at eu.ist_phosphorus.harmony.common.serviceinterface.reservation.CommonReservationClient.createReservation(CommonReservationClient.java:200)
	at eu.ist_phosphorus.harmony.common.serviceinterface.reservation.SimpleReservationClient.createReservation(SimpleReservationClient.java:398)
	at eu.ist_phosphorus.harmony.common.serviceinterface.reservation.SimpleReservationClient.createReservation(SimpleReservationClient.java:415)
	at eu.ist_phosphorus.harmony.common.serviceinterface.reservation.SimpleReservationClient.createReservation(SimpleReservationClient.java:449)
	at eu.ist_phosphorus.harmony.test.adapter.uclp.webservice.TestWebservice.testCreateReservation(TestWebservice.java:358)
	at sun.reflect.NativeMethodAccessorImpl.invoke0(Native Method)
	at sun.reflect.NativeMethodAccessorImpl.invoke(NativeMethodAccessorImpl.java:57)
	at sun.reflect.DelegatingMethodAccessorImpl.invoke(DelegatingMethodAccessorImpl.java:43)
	at java.lang.reflect.Method.invoke(Method.java:616)
	at org.junit.runners.model.FrameworkMethod$1.runReflectiveCall(FrameworkMethod.java:44)
	at org.junit.internal.runners.model.ReflectiveCallable.run(ReflectiveCallable.java:15)
	at org.junit.runners.model.FrameworkMethod.invokeExplosively(FrameworkMethod.java:41)
	at org.junit.internal.runners.statements.InvokeMethod.evaluate(InvokeMethod.java:20)
	at org.junit.internal.runners.statements.FailOnTimeout$1.run(FailOnTimeout.java:28)

testActivateReservation(eu.ist_phosphorus.harmony.test.adapter.uclp.webservice.TestWebservice)  Time elapsed: 0.017 sec  <<< ERROR!
eu.ist_phosphorus.harmony.common.serviceinterface.databinding.jaxb.exceptions.UnexpectedFaultException: AbstractTopologyRegistrator has to be Instanciated before forwarding Requests!
	at eu.ist_phosphorus.harmony.common.serviceinterface.utils.ForwardingHelper.getLocalDomain(ForwardingHelper.java:141)
	at eu.ist_phosphorus.harmony.common.serviceinterface.utils.ForwardingHelper.getSuffix(ForwardingHelper.java:217)
	at eu.ist_phosphorus.harmony.common.serviceinterface.utils.ForwardingHelper.isForeignRequest(ForwardingHelper.java:386)
	at eu.ist_phosphorus.harmony.common.serviceinterface.reservation.CommonReservationHandler.invokeMethod(CommonReservationHandler.java:179)
	at eu.ist_phosphorus.harmony.common.serviceinterface.RequestHandler.runRequest(RequestHandler.java:230)
	at eu.ist_phosphorus.harmony.common.serviceinterface.RequestHandler.handle(RequestHandler.java:113)
	at eu.ist_phosphorus.harmony.adapter.uclp.webservice.ReservationWS.activate(ReservationWS.java:54)
	at sun.reflect.NativeMethodAccessorImpl.invoke0(Native Method)
	at sun.reflect.NativeMethodAccessorImpl.invoke(NativeMethodAccessorImpl.java:57)
	at sun.reflect.DelegatingMethodAccessorImpl.invoke(DelegatingMethodAccessorImpl.java:43)
	at java.lang.reflect.Method.invoke(Method.java:616)
	at eu.ist_phosphorus.harmony.common.serviceinterface.reservation.CommonReservationClient.callServer(CommonReservationClient.java:134)
	at eu.ist_phosphorus.harmony.common.serviceinterface.reservation.CommonReservationClient.activate(CommonReservationClient.java:104)
	at eu.ist_phosphorus.harmony.test.adapter.uclp.webservice.TestWebservice.createActivate(TestWebservice.java:242)
	at eu.ist_phosphorus.harmony.test.adapter.uclp.webservice.TestWebservice.testActivateReservation(TestWebservice.java:375)
	at sun.reflect.NativeMethodAccessorImpl.invoke0(Native Method)
	at sun.reflect.NativeMethodAccessorImpl.invoke(NativeMethodAccessorImpl.java:57)
	at sun.reflect.DelegatingMethodAccessorImpl.invoke(DelegatingMethodAccessorImpl.java:43)
	at java.lang.reflect.Method.invoke(Method.java:616)
	at org.junit.runners.model.FrameworkMethod$1.runReflectiveCall(FrameworkMethod.java:44)
	at org.junit.internal.runners.model.ReflectiveCallable.run(ReflectiveCallable.java:15)
	at org.junit.runners.model.FrameworkMethod.invokeExplosively(FrameworkMethod.java:41)
	at org.junit.internal.runners.statements.InvokeMethod.evaluate(InvokeMethod.java:20)
	at org.junit.internal.runners.statements.FailOnTimeout$1.run(FailOnTimeout.java:28)

testCancelReservation(eu.ist_phosphorus.harmony.test.adapter.uclp.webservice.TestWebservice)  Time elapsed: 0.012 sec  <<< ERROR!
eu.ist_phosphorus.harmony.common.serviceinterface.databinding.jaxb.exceptions.UnexpectedFaultException: AbstractTopologyRegistrator has to be Instanciated before forwarding Requests!
	at eu.ist_phosphorus.harmony.common.serviceinterface.utils.ForwardingHelper.getLocalDomain(ForwardingHelper.java:141)
	at eu.ist_phosphorus.harmony.common.serviceinterface.utils.ForwardingHelper.getSuffix(ForwardingHelper.java:217)
	at eu.ist_phosphorus.harmony.common.serviceinterface.utils.ForwardingHelper.isForeignRequest(ForwardingHelper.java:386)
	at eu.ist_phosphorus.harmony.common.serviceinterface.reservation.CommonReservationHandler.invokeMethod(CommonReservationHandler.java:179)
	at eu.ist_phosphorus.harmony.common.serviceinterface.RequestHandler.runRequest(RequestHandler.java:230)
	at eu.ist_phosphorus.harmony.common.serviceinterface.RequestHandler.handle(RequestHandler.java:113)
	at eu.ist_phosphorus.harmony.adapter.uclp.webservice.ReservationWS.cancelReservation(ReservationWS.java:94)
	at sun.reflect.NativeMethodAccessorImpl.invoke0(Native Method)
	at sun.reflect.NativeMethodAccessorImpl.invoke(NativeMethodAccessorImpl.java:57)
	at sun.reflect.DelegatingMethodAccessorImpl.invoke(DelegatingMethodAccessorImpl.java:43)
	at java.lang.reflect.Method.invoke(Method.java:616)
	at eu.ist_phosphorus.harmony.common.serviceinterface.reservation.CommonReservationClient.callServer(CommonReservationClient.java:134)
	at eu.ist_phosphorus.harmony.common.serviceinterface.reservation.CommonReservationClient.cancelReservation(CommonReservationClient.java:173)
	at eu.ist_phosphorus.harmony.test.adapter.uclp.webservice.TestWebservice.cancelReservation(TestWebservice.java:268)
	at eu.ist_phosphorus.harmony.test.adapter.uclp.webservice.TestWebservice.testCancelReservation(TestWebservice.java:387)
	at sun.reflect.NativeMethodAccessorImpl.invoke0(Native Method)
	at sun.reflect.NativeMethodAccessorImpl.invoke(NativeMethodAccessorImpl.java:57)
	at sun.reflect.DelegatingMethodAccessorImpl.invoke(DelegatingMethodAccessorImpl.java:43)
	at java.lang.reflect.Method.invoke(Method.java:616)
	at org.junit.runners.model.FrameworkMethod$1.runReflectiveCall(FrameworkMethod.java:44)
	at org.junit.internal.runners.model.ReflectiveCallable.run(ReflectiveCallable.java:15)
	at org.junit.runners.model.FrameworkMethod.invokeExplosively(FrameworkMethod.java:41)
	at org.junit.internal.runners.statements.InvokeMethod.evaluate(InvokeMethod.java:20)
	at org.junit.internal.runners.statements.FailOnTimeout$1.run(FailOnTimeout.java:28)

testUnimplementedMethod(eu.ist_phosphorus.harmony.test.adapter.uclp.webservice.TestWebservice)  Time elapsed: 0.017 sec  <<< ERROR!
java.lang.Exception: Unexpected exception, expected<eu.ist_phosphorus.harmony.common.serviceinterface.databinding.jaxb.exceptions.OperationNotSupportedFaultException> but was<eu.ist_phosphorus.harmony.common.serviceinterface.databinding.jaxb.exceptions.UnexpectedFaultException>
	at org.junit.internal.runners.statements.ExpectException.evaluate(ExpectException.java:28)
	at org.junit.internal.runners.statements.FailOnTimeout$1.run(FailOnTimeout.java:28)
Caused by: eu.ist_phosphorus.harmony.common.serviceinterface.databinding.jaxb.exceptions.UnexpectedFaultException: AbstractTopologyRegistrator has to be Instanciated before forwarding Requests!
	at eu.ist_phosphorus.harmony.common.serviceinterface.utils.ForwardingHelper.getLocalDomain(ForwardingHelper.java:141)
	at eu.ist_phosphorus.harmony.common.serviceinterface.utils.ForwardingHelper.getSuffix(ForwardingHelper.java:217)
	at eu.ist_phosphorus.harmony.common.serviceinterface.utils.ForwardingHelper.isForeignRequest(ForwardingHelper.java:386)
	at eu.ist_phosphorus.harmony.common.serviceinterface.reservation.CommonReservationHandler.invokeMethod(CommonReservationHandler.java:179)
	at eu.ist_phosphorus.harmony.common.serviceinterface.RequestHandler.runRequest(RequestHandler.java:230)
	at eu.ist_phosphorus.harmony.common.serviceinterface.RequestHandler.handle(RequestHandler.java:113)
	at eu.ist_phosphorus.harmony.adapter.uclp.webservice.ReservationWS.bind(ReservationWS.java:67)
	at sun.reflect.NativeMethodAccessorImpl.invoke0(Native Method)
	at sun.reflect.NativeMethodAccessorImpl.invoke(NativeMethodAccessorImpl.java:57)
	at sun.reflect.DelegatingMethodAccessorImpl.invoke(DelegatingMethodAccessorImpl.java:43)
	at java.lang.reflect.Method.invoke(Method.java:616)
	at eu.ist_phosphorus.harmony.common.serviceinterface.reservation.CommonReservationClient.callServer(CommonReservationClient.java:134)
	at eu.ist_phosphorus.harmony.common.serviceinterface.reservation.CommonReservationClient.bind(CommonReservationClient.java:118)
	at eu.ist_phosphorus.harmony.common.serviceinterface.reservation.SimpleReservationClient.bind(SimpleReservationClient.java:279)
	at eu.ist_phosphorus.harmony.test.adapter.uclp.webservice.TestWebservice.testUnimplementedMethod(TestWebservice.java:400)
	at sun.reflect.NativeMethodAccessorImpl.invoke0(Native Method)
	at sun.reflect.NativeMethodAccessorImpl.invoke(NativeMethodAccessorImpl.java:57)
	at sun.reflect.DelegatingMethodAccessorImpl.invoke(DelegatingMethodAccessorImpl.java:43)
	at java.lang.reflect.Method.invoke(Method.java:616)
	at org.junit.runners.model.FrameworkMethod$1.runReflectiveCall(FrameworkMethod.java:44)
	at org.junit.internal.runners.model.ReflectiveCallable.run(ReflectiveCallable.java:15)
	at org.junit.runners.model.FrameworkMethod.invokeExplosively(FrameworkMethod.java:41)
	at org.junit.internal.runners.statements.InvokeMethod.evaluate(InvokeMethod.java:20)
	at org.junit.internal.runners.statements.ExpectException.evaluate(ExpectException.java:21)
	... 1 more

