<?xml version="1.0" encoding="UTF-8" ?>
<testsuite failures="0" time="2.283" errors="6" skipped="0" tests="6" name="eu.ist_phosphorus.harmony.test.adapter.uclp.webservice.TestWebservice">
  <properties>
[...]
</properties>
  <testcase time="1.711" classname="eu.ist_phosphorus.harmony.test.adapter.uclp.webservice.TestWebservice" name="testGetStatus">
    <error message="AbstractTopologyRegistrator has to be Instanciated before forwarding Requests!" type="eu.ist_phosphorus.harmony.common.serviceinterface.databinding.jaxb.exceptions.UnexpectedFaultException">eu.ist_phosphorus.harmony.common.serviceinterface.databinding.jaxb.exceptions.UnexpectedFaultException: AbstractTopologyRegistrator has to be Instanciated before forwarding Requests!
	at eu.ist_phosphorus.harmony.common.serviceinterface.utils.ForwardingHelper.getLocalDomain(ForwardingHelper.java:141)
	at eu.ist_phosphorus.harmony.common.serviceinterface.utils.ForwardingHelper.getSuffix(ForwardingHelper.java:217)
	at eu.ist_phosphorus.harmony.common.serviceinterface.utils.ForwardingHelper.isForeignRequest(ForwardingHelper.java:386)
	at eu.ist_phosphorus.harmony.common.serviceinterface.reservation.CommonReservationHandler.invokeMethod(CommonReservationHandler.java:179)
	at eu.ist_phosphorus.harmony.common.serviceinterface.RequestHandler.runRequest(RequestHandler.java:230)
	at eu.ist_phosphorus.harmony.common.serviceinterface.RequestHandler.handle(RequestHandler.java:113)
	at eu.ist_phosphorus.harmony.adapter.uclp.webservice.ReservationWS.getStatus(ReservationWS.java:175)
	at sun.reflect.NativeMethodAccessorImpl.invoke0(Native Method)
	at sun.reflect.NativeMethodAccessorImpl.invoke(NativeMethodAccessorImpl.java:57)
	at sun.reflect.DelegatingMethodAccessorImpl.invoke(DelegatingMethodAccessorImpl.java:43)
	at java.lang.reflect.Method.invoke(Method.java:616)
	at eu.ist_phosphorus.harmony.common.serviceinterface.reservation.CommonReservationClient.callServer(CommonReservationClient.java:134)
	at eu.ist_phosphorus.harmony.common.serviceinterface.reservation.CommonReservationClient.getStatus(CommonReservationClient.java:245)
	at eu.ist_phosphorus.harmony.common.serviceinterface.reservation.SimpleReservationClient.getStatus(SimpleReservationClient.java:573)
	at eu.ist_phosphorus.harmony.common.serviceinterface.reservation.SimpleReservationClient.getStatus(SimpleReservationClient.java:585)
	at eu.ist_phosphorus.harmony.test.adapter.uclp.webservice.TestWebservice.testGetStatus(TestWebservice.java:332)
	at sun.reflect.NativeMethodAccessorImpl.invoke0(Native Method)
	at sun.reflect.NativeMethodAccessorImpl.invoke(NativeMethodAccessorImpl.java:57)
	at sun.reflect.DelegatingMethodAccessorImpl.invoke(DelegatingMethodAccessorImpl.java:43)
	at java.lang.reflect.Method.invoke(Method.java:616)
	at org.junit.runners.model.FrameworkMethod$1.runReflectiveCall(FrameworkMethod.java:44)
	at org.junit.internal.runners.model.ReflectiveCallable.run(ReflectiveCallable.java:15)
	at org.junit.runners.model.FrameworkMethod.invokeExplosively(FrameworkMethod.java:41)
	at org.junit.internal.runners.statements.InvokeMethod.evaluate(InvokeMethod.java:20)
	at org.junit.internal.runners.statements.FailOnTimeout$1.run(FailOnTimeout.java:28)
</error>
    <system-err>org.globus.myproxy.MyProxyException: MyProxy get failed.
	at org.globus.myproxy.MyProxy.get(MyProxy.java:1087)
	at org.globus.myproxy.MyProxy.get(MyProxy.java:934)
	at eu.ist_phosphorus.harmony.adapter.uclp.handler.ReservationHandler.&lt;init&gt;(ReservationHandler.java:225)
	at eu.ist_phosphorus.harmony.adapter.uclp.handler.ReservationHandler.getInstance(ReservationHandler.java:151)
	at eu.ist_phosphorus.harmony.adapter.uclp.webservice.ReservationWS.getStatus(ReservationWS.java:175)
	at sun.reflect.NativeMethodAccessorImpl.invoke0(Native Method)
	at sun.reflect.NativeMethodAccessorImpl.invoke(NativeMethodAccessorImpl.java:57)
	at sun.reflect.DelegatingMethodAccessorImpl.invoke(DelegatingMethodAccessorImpl.java:43)
	at java.lang.reflect.Method.invoke(Method.java:616)
	at eu.ist_phosphorus.harmony.common.serviceinterface.reservation.CommonReservationClient.callServer(CommonReservationClient.java:134)
	at eu.ist_phosphorus.harmony.common.serviceinterface.reservation.CommonReservationClient.getStatus(CommonReservationClient.java:245)
	at eu.ist_phosphorus.harmony.common.serviceinterface.reservation.SimpleReservationClient.getStatus(SimpleReservationClient.java:573)
	at eu.ist_phosphorus.harmony.common.serviceinterface.reservation.SimpleReservationClient.getStatus(SimpleReservationClient.java:585)
	at eu.ist_phosphorus.harmony.test.adapter.uclp.webservice.TestWebservice.testGetStatus(TestWebservice.java:332)
	at sun.reflect.NativeMethodAccessorImpl.invoke0(Native Method)
	at sun.reflect.NativeMethodAccessorImpl.invoke(NativeMethodAccessorImpl.java:57)
	at sun.reflect.DelegatingMethodAccessorImpl.invoke(DelegatingMethodAccessorImpl.java:43)
	at java.lang.reflect.Method.invoke(Method.java:616)
	at org.junit.runners.model.FrameworkMethod$1.runReflectiveCall(FrameworkMethod.java:44)
	at org.junit.internal.runners.model.ReflectiveCallable.run(ReflectiveCallable.java:15)
	at org.junit.runners.model.FrameworkMethod.invokeExplosively(FrameworkMethod.java:41)
	at org.junit.internal.runners.statements.InvokeMethod.evaluate(InvokeMethod.java:20)
	at org.junit.internal.runners.statements.FailOnTimeout$1.run(FailOnTimeout.java:28)
Caused by: GSSException: Failure unspecified at GSS-API level [Caused by: the trustedCert parameter must be non-null]
	at org.globus.gsi.gssapi.GlobusGSSContextImpl.&lt;init&gt;(GlobusGSSContextImpl.java:315)
	at org.globus.gsi.gssapi.GlobusGSSManagerImpl.createContext(GlobusGSSManagerImpl.java:267)
	at org.globus.myproxy.MyProxy.getSocket(MyProxy.java:263)
	at org.globus.myproxy.MyProxy.get(MyProxy.java:973)
	... 22 more
Caused by: java.lang.NullPointerException: the trustedCert parameter must be non-null
	at java.security.cert.TrustAnchor.&lt;init&gt;(TrustAnchor.java:127)
	at org.globus.gsi.stores.ResourceTrustAnchor.create(ResourceTrustAnchor.java:70)
	at org.globus.gsi.stores.ResourceTrustAnchor.create(ResourceTrustAnchor.java:36)
	at org.globus.gsi.stores.AbstractResourceSecurityWrapper.init(AbstractResourceSecurityWrapper.java:56)
	at org.globus.gsi.stores.ResourceTrustAnchor.&lt;init&gt;(ResourceTrustAnchor.java:44)
	at org.globus.gsi.stores.ResourceCACertStore.create(ResourceCACertStore.java:43)
	at org.globus.gsi.stores.ResourceCACertStore.create(ResourceCACertStore.java:36)
	at org.globus.gsi.stores.ResourceSecurityWrapperStore.load(ResourceSecurityWrapperStore.java:139)
	at org.globus.gsi.stores.ResourceSecurityWrapperStore.loadResources(ResourceSecurityWrapperStore.java:111)
	at org.globus.gsi.stores.ResourceSecurityWrapperStore.loadWrappers(ResourceSecurityWrapperStore.java:87)
	at org.globus.gsi.stores.PEMKeyStore.loadDirectories(PEMKeyStore.java:438)
	at org.globus.gsi.stores.PEMKeyStore.initialize(PEMKeyStore.java:382)
	at org.globus.gsi.stores.PEMKeyStore.engineLoad(PEMKeyStore.java:304)
	at java.security.KeyStore.load(KeyStore.java:1235)
	at org.globus.gsi.gssapi.GlobusGSSContextImpl.&lt;init&gt;(GlobusGSSContextImpl.java:298)
	... 25 more
eu.ist_phosphorus.harmony.common.serviceinterface.databinding.jaxb.exceptions.UnexpectedFaultException: AbstractTopologyRegistrator has to be Instanciated before forwarding Requests!
	at eu.ist_phosphorus.harmony.common.serviceinterface.utils.ForwardingHelper.getLocalDomain(ForwardingHelper.java:141)
	at eu.ist_phosphorus.harmony.common.serviceinterface.utils.ForwardingHelper.getSuffix(ForwardingHelper.java:217)
	at eu.ist_phosphorus.harmony.common.serviceinterface.utils.ForwardingHelper.isForeignRequest(ForwardingHelper.java:386)
	at eu.ist_phosphorus.harmony.common.serviceinterface.reservation.CommonReservationHandler.invokeMethod(CommonReservationHandler.java:179)
	at eu.ist_phosphorus.harmony.common.serviceinterface.RequestHandler.runRequest(RequestHandler.java:230)
	at eu.ist_phosphorus.harmony.common.serviceinterface.RequestHandler.handle(RequestHandler.java:113)
	at eu.ist_phosphorus.harmony.adapter.uclp.webservice.ReservationWS.getStatus(ReservationWS.java:175)
	at sun.reflect.NativeMethodAccessorImpl.invoke0(Native Method)
	at sun.reflect.NativeMethodAccessorImpl.invoke(NativeMethodAccessorImpl.java:57)
	at sun.reflect.DelegatingMethodAccessorImpl.invoke(DelegatingMethodAccessorImpl.java:43)
	at java.lang.reflect.Method.invoke(Method.java:616)
	at eu.ist_phosphorus.harmony.common.serviceinterface.reservation.CommonReservationClient.callServer(CommonReservationClient.java:134)
	at eu.ist_phosphorus.harmony.common.serviceinterface.reservation.CommonReservationClient.getStatus(CommonReservationClient.java:245)
	at eu.ist_phosphorus.harmony.common.serviceinterface.reservation.SimpleReservationClient.getStatus(SimpleReservationClient.java:573)
	at eu.ist_phosphorus.harmony.common.serviceinterface.reservation.SimpleReservationClient.getStatus(SimpleReservationClient.java:585)
	at eu.ist_phosphorus.harmony.test.adapter.uclp.webservice.TestWebservice.testGetStatus(TestWebservice.java:332)
	at sun.reflect.NativeMethodAccessorImpl.invoke0(Native Method)
	at sun.reflect.NativeMethodAccessorImpl.invoke(NativeMethodAccessorImpl.java:57)
	at sun.reflect.DelegatingMethodAccessorImpl.invoke(DelegatingMethodAccessorImpl.java:43)
	at java.lang.reflect.Method.invoke(Method.java:616)
	at org.junit.runners.model.FrameworkMethod$1.runReflectiveCall(FrameworkMethod.java:44)
	at org.junit.internal.runners.model.ReflectiveCallable.run(ReflectiveCallable.java:15)
	at org.junit.runners.model.FrameworkMethod.invokeExplosively(FrameworkMethod.java:41)
	at org.junit.internal.runners.statements.InvokeMethod.evaluate(InvokeMethod.java:20)
	at org.junit.internal.runners.statements.FailOnTimeout$1.run(FailOnTimeout.java:28)
</system-err>
  </testcase>
  <testcase time="0.041" classname="eu.ist_phosphorus.harmony.test.adapter.uclp.webservice.TestWebservice" name="testAvailability">
    <error message="Topology registrator must be initialized first!" type="eu.ist_phosphorus.harmony.common.serviceinterface.databinding.jaxb.exceptions.UnexpectedFaultException">eu.ist_phosphorus.harmony.common.serviceinterface.databinding.jaxb.exceptions.UnexpectedFaultException: Topology registrator must be initialized first!
	at eu.ist_phosphorus.harmony.common.serviceinterface.utils.ForwardingHelper.isForeignDomain(ForwardingHelper.java:261)
	at eu.ist_phosphorus.harmony.common.serviceinterface.utils.ForwardingHelper.isForeignRequest(ForwardingHelper.java:334)
	at eu.ist_phosphorus.harmony.common.serviceinterface.utils.ForwardingHelper.isForeignRequest(ForwardingHelper.java:382)
	at eu.ist_phosphorus.harmony.common.serviceinterface.reservation.CommonReservationHandler.invokeMethod(CommonReservationHandler.java:179)
	at eu.ist_phosphorus.harmony.common.serviceinterface.RequestHandler.runRequest(RequestHandler.java:230)
	at eu.ist_phosphorus.harmony.common.serviceinterface.RequestHandler.handle(RequestHandler.java:113)
	at eu.ist_phosphorus.harmony.adapter.uclp.webservice.ReservationWS.isAvailable(ReservationWS.java:188)
	at sun.reflect.NativeMethodAccessorImpl.invoke0(Native Method)
	at sun.reflect.NativeMethodAccessorImpl.invoke(NativeMethodAccessorImpl.java:57)
	at sun.reflect.DelegatingMethodAccessorImpl.invoke(DelegatingMethodAccessorImpl.java:43)
	at java.lang.reflect.Method.invoke(Method.java:616)
	at eu.ist_phosphorus.harmony.common.serviceinterface.reservation.CommonReservationClient.callServer(CommonReservationClient.java:134)
	at eu.ist_phosphorus.harmony.common.serviceinterface.reservation.CommonReservationClient.isAvailable(CommonReservationClient.java:280)
	at eu.ist_phosphorus.harmony.test.adapter.uclp.webservice.TestWebservice.createAvailability(TestWebservice.java:190)
	at eu.ist_phosphorus.harmony.test.adapter.uclp.webservice.TestWebservice.testAvailability(TestWebservice.java:345)
	at sun.reflect.NativeMethodAccessorImpl.invoke0(Native Method)
	at sun.reflect.NativeMethodAccessorImpl.invoke(NativeMethodAccessorImpl.java:57)
	at sun.reflect.DelegatingMethodAccessorImpl.invoke(DelegatingMethodAccessorImpl.java:43)
	at java.lang.reflect.Method.invoke(Method.java:616)
	at org.junit.runners.model.FrameworkMethod$1.runReflectiveCall(FrameworkMethod.java:44)
	at org.junit.internal.runners.model.ReflectiveCallable.run(ReflectiveCallable.java:15)
	at org.junit.runners.model.FrameworkMethod.invokeExplosively(FrameworkMethod.java:41)
	at org.junit.internal.runners.statements.InvokeMethod.evaluate(InvokeMethod.java:20)
	at org.junit.internal.runners.statements.FailOnTimeout$1.run(FailOnTimeout.java:28)
</error>
    <system-err>eu.ist_phosphorus.harmony.common.serviceinterface.databinding.jaxb.exceptions.UnexpectedFaultException: Topology registrator must be initialized first!
	at eu.ist_phosphorus.harmony.common.serviceinterface.utils.ForwardingHelper.isForeignDomain(ForwardingHelper.java:261)
	at eu.ist_phosphorus.harmony.common.serviceinterface.utils.ForwardingHelper.isForeignRequest(ForwardingHelper.java:334)
	at eu.ist_phosphorus.harmony.common.serviceinterface.utils.ForwardingHelper.isForeignRequest(ForwardingHelper.java:382)
	at eu.ist_phosphorus.harmony.common.serviceinterface.reservation.CommonReservationHandler.invokeMethod(CommonReservationHandler.java:179)
	at eu.ist_phosphorus.harmony.common.serviceinterface.RequestHandler.runRequest(RequestHandler.java:230)
	at eu.ist_phosphorus.harmony.common.serviceinterface.RequestHandler.handle(RequestHandler.java:113)
	at eu.ist_phosphorus.harmony.adapter.uclp.webservice.ReservationWS.isAvailable(ReservationWS.java:188)
	at sun.reflect.NativeMethodAccessorImpl.invoke0(Native Method)
	at sun.reflect.NativeMethodAccessorImpl.invoke(NativeMethodAccessorImpl.java:57)
	at sun.reflect.DelegatingMethodAccessorImpl.invoke(DelegatingMethodAccessorImpl.java:43)
	at java.lang.reflect.Method.invoke(Method.java:616)
	at eu.ist_phosphorus.harmony.common.serviceinterface.reservation.CommonReservationClient.callServer(CommonReservationClient.java:134)
	at eu.ist_phosphorus.harmony.common.serviceinterface.reservation.CommonReservationClient.isAvailable(CommonReservationClient.java:280)
	at eu.ist_phosphorus.harmony.test.adapter.uclp.webservice.TestWebservice.createAvailability(TestWebservice.java:190)
	at eu.ist_phosphorus.harmony.test.adapter.uclp.webservice.TestWebservice.testAvailability(TestWebservice.java:345)
	at sun.reflect.NativeMethodAccessorImpl.invoke0(Native Method)
	at sun.reflect.NativeMethodAccessorImpl.invoke(NativeMethodAccessorImpl.java:57)
	at sun.reflect.DelegatingMethodAccessorImpl.invoke(DelegatingMethodAccessorImpl.java:43)
	at java.lang.reflect.Method.invoke(Method.java:616)
	at org.junit.runners.model.FrameworkMethod$1.runReflectiveCall(FrameworkMethod.java:44)
	at org.junit.internal.runners.model.ReflectiveCallable.run(ReflectiveCallable.java:15)
	at org.junit.runners.model.FrameworkMethod.invokeExplosively(FrameworkMethod.java:41)
	at org.junit.internal.runners.statements.InvokeMethod.evaluate(InvokeMethod.java:20)
	at org.junit.internal.runners.statements.FailOnTimeout$1.run(FailOnTimeout.java:28)
</system-err>
  </testcase>
  <testcase time="0.025" classname="eu.ist_phosphorus.harmony.test.adapter.uclp.webservice.TestWebservice" name="testCreateReservation">
    <error message="Topology registrator must be initialized first!" type="eu.ist_phosphorus.harmony.common.serviceinterface.databinding.jaxb.exceptions.UnexpectedFaultException">eu.ist_phosphorus.harmony.common.serviceinterface.databinding.jaxb.exceptions.UnexpectedFaultException: Topology registrator must be initialized first!
	at eu.ist_phosphorus.harmony.common.serviceinterface.utils.ForwardingHelper.isForeignDomain(ForwardingHelper.java:261)
	at eu.ist_phosphorus.harmony.common.serviceinterface.utils.ForwardingHelper.isForeignRequest(ForwardingHelper.java:334)
	at eu.ist_phosphorus.harmony.common.serviceinterface.utils.ForwardingHelper.isForeignRequest(ForwardingHelper.java:377)
	at eu.ist_phosphorus.harmony.common.serviceinterface.reservation.CommonReservationHandler.invokeMethod(CommonReservationHandler.java:179)
	at eu.ist_phosphorus.harmony.common.serviceinterface.RequestHandler.runRequest(RequestHandler.java:230)
	at eu.ist_phosphorus.harmony.common.serviceinterface.RequestHandler.handle(RequestHandler.java:113)
	at eu.ist_phosphorus.harmony.adapter.uclp.webservice.ReservationWS.createReservation(ReservationWS.java:121)
	at sun.reflect.NativeMethodAccessorImpl.invoke0(Native Method)
	at sun.reflect.NativeMethodAccessorImpl.invoke(NativeMethodAccessorImpl.java:57)
	at sun.reflect.DelegatingMethodAccessorImpl.invoke(DelegatingMethodAccessorImpl.java:43)
	at java.lang.reflect.Method.invoke(Method.java:616)
	at eu.ist_phosphorus.harmony.common.serviceinterface.reservation.CommonReservationClient.callServer(CommonReservationClient.java:134)
	at eu.ist_phosphorus.harmony.common.serviceinterface.reservation.CommonReservationClient.createReservation(CommonReservationClient.java:200)
	at eu.ist_phosphorus.harmony.common.serviceinterface.reservation.SimpleReservationClient.createReservation(SimpleReservationClient.java:398)
	at eu.ist_phosphorus.harmony.common.serviceinterface.reservation.SimpleReservationClient.createReservation(SimpleReservationClient.java:415)
	at eu.ist_phosphorus.harmony.common.serviceinterface.reservation.SimpleReservationClient.createReservation(SimpleReservationClient.java:449)
	at eu.ist_phosphorus.harmony.test.adapter.uclp.webservice.TestWebservice.testCreateReservation(TestWebservice.java:358)
	at sun.reflect.NativeMethodAccessorImpl.invoke0(Native Method)
	at sun.reflect.NativeMethodAccessorImpl.invoke(NativeMethodAccessorImpl.java:57)
	at sun.reflect.DelegatingMethodAccessorImpl.invoke(DelegatingMethodAccessorImpl.java:43)
	at java.lang.reflect.Method.invoke(Method.java:616)
	at org.junit.runners.model.FrameworkMethod$1.runReflectiveCall(FrameworkMethod.java:44)
	at org.junit.internal.runners.model.ReflectiveCallable.run(ReflectiveCallable.java:15)
	at org.junit.runners.model.FrameworkMethod.invokeExplosively(FrameworkMethod.java:41)
	at org.junit.internal.runners.statements.InvokeMethod.evaluate(InvokeMethod.java:20)
	at org.junit.internal.runners.statements.FailOnTimeout$1.run(FailOnTimeout.java:28)
</error>
    <system-err>eu.ist_phosphorus.harmony.common.serviceinterface.databinding.jaxb.exceptions.UnexpectedFaultException: Topology registrator must be initialized first!
	at eu.ist_phosphorus.harmony.common.serviceinterface.utils.ForwardingHelper.isForeignDomain(ForwardingHelper.java:261)
	at eu.ist_phosphorus.harmony.common.serviceinterface.utils.ForwardingHelper.isForeignRequest(ForwardingHelper.java:334)
	at eu.ist_phosphorus.harmony.common.serviceinterface.utils.ForwardingHelper.isForeignRequest(ForwardingHelper.java:377)
	at eu.ist_phosphorus.harmony.common.serviceinterface.reservation.CommonReservationHandler.invokeMethod(CommonReservationHandler.java:179)
	at eu.ist_phosphorus.harmony.common.serviceinterface.RequestHandler.runRequest(RequestHandler.java:230)
	at eu.ist_phosphorus.harmony.common.serviceinterface.RequestHandler.handle(RequestHandler.java:113)
	at eu.ist_phosphorus.harmony.adapter.uclp.webservice.ReservationWS.createReservation(ReservationWS.java:121)
	at sun.reflect.NativeMethodAccessorImpl.invoke0(Native Method)
	at sun.reflect.NativeMethodAccessorImpl.invoke(NativeMethodAccessorImpl.java:57)
	at sun.reflect.DelegatingMethodAccessorImpl.invoke(DelegatingMethodAccessorImpl.java:43)
	at java.lang.reflect.Method.invoke(Method.java:616)
	at eu.ist_phosphorus.harmony.common.serviceinterface.reservation.CommonReservationClient.callServer(CommonReservationClient.java:134)
	at eu.ist_phosphorus.harmony.common.serviceinterface.reservation.CommonReservationClient.createReservation(CommonReservationClient.java:200)
	at eu.ist_phosphorus.harmony.common.serviceinterface.reservation.SimpleReservationClient.createReservation(SimpleReservationClient.java:398)
	at eu.ist_phosphorus.harmony.common.serviceinterface.reservation.SimpleReservationClient.createReservation(SimpleReservationClient.java:415)
	at eu.ist_phosphorus.harmony.common.serviceinterface.reservation.SimpleReservationClient.createReservation(SimpleReservationClient.java:449)
	at eu.ist_phosphorus.harmony.test.adapter.uclp.webservice.TestWebservice.testCreateReservation(TestWebservice.java:358)
	at sun.reflect.NativeMethodAccessorImpl.invoke0(Native Method)
	at sun.reflect.NativeMethodAccessorImpl.invoke(NativeMethodAccessorImpl.java:57)
	at sun.reflect.DelegatingMethodAccessorImpl.invoke(DelegatingMethodAccessorImpl.java:43)
	at java.lang.reflect.Method.invoke(Method.java:616)
	at org.junit.runners.model.FrameworkMethod$1.runReflectiveCall(FrameworkMethod.java:44)
	at org.junit.internal.runners.model.ReflectiveCallable.run(ReflectiveCallable.java:15)
	at org.junit.runners.model.FrameworkMethod.invokeExplosively(FrameworkMethod.java:41)
	at org.junit.internal.runners.statements.InvokeMethod.evaluate(InvokeMethod.java:20)
	at org.junit.internal.runners.statements.FailOnTimeout$1.run(FailOnTimeout.java:28)
</system-err>
  </testcase>
  <testcase time="0.017" classname="eu.ist_phosphorus.harmony.test.adapter.uclp.webservice.TestWebservice" name="testActivateReservation">
    <error message="AbstractTopologyRegistrator has to be Instanciated before forwarding Requests!" type="eu.ist_phosphorus.harmony.common.serviceinterface.databinding.jaxb.exceptions.UnexpectedFaultException">eu.ist_phosphorus.harmony.common.serviceinterface.databinding.jaxb.exceptions.UnexpectedFaultException: AbstractTopologyRegistrator has to be Instanciated before forwarding Requests!
	at eu.ist_phosphorus.harmony.common.serviceinterface.utils.ForwardingHelper.getLocalDomain(ForwardingHelper.java:141)
	at eu.ist_phosphorus.harmony.common.serviceinterface.utils.ForwardingHelper.getSuffix(ForwardingHelper.java:217)
	at eu.ist_phosphorus.harmony.common.serviceinterface.utils.ForwardingHelper.isForeignRequest(ForwardingHelper.java:386)
	at eu.ist_phosphorus.harmony.common.serviceinterface.reservation.CommonReservationHandler.invokeMethod(CommonReservationHandler.java:179)
	at eu.ist_phosphorus.harmony.common.serviceinterface.RequestHandler.runRequest(RequestHandler.java:230)
	at eu.ist_phosphorus.harmony.common.serviceinterface.RequestHandler.handle(RequestHandler.java:113)
	at eu.ist_phosphorus.harmony.adapter.uclp.webservice.ReservationWS.activate(ReservationWS.java:54)
	at sun.reflect.NativeMethodAccessorImpl.invoke0(Native Method)
	at sun.reflect.NativeMethodAccessorImpl.invoke(NativeMethodAccessorImpl.java:57)
	at sun.reflect.DelegatingMethodAccessorImpl.invoke(DelegatingMethodAccessorImpl.java:43)
	at java.lang.reflect.Method.invoke(Method.java:616)
	at eu.ist_phosphorus.harmony.common.serviceinterface.reservation.CommonReservationClient.callServer(CommonReservationClient.java:134)
	at eu.ist_phosphorus.harmony.common.serviceinterface.reservation.CommonReservationClient.activate(CommonReservationClient.java:104)
	at eu.ist_phosphorus.harmony.test.adapter.uclp.webservice.TestWebservice.createActivate(TestWebservice.java:242)
	at eu.ist_phosphorus.harmony.test.adapter.uclp.webservice.TestWebservice.testActivateReservation(TestWebservice.java:375)
	at sun.reflect.NativeMethodAccessorImpl.invoke0(Native Method)
	at sun.reflect.NativeMethodAccessorImpl.invoke(NativeMethodAccessorImpl.java:57)
	at sun.reflect.DelegatingMethodAccessorImpl.invoke(DelegatingMethodAccessorImpl.java:43)
	at java.lang.reflect.Method.invoke(Method.java:616)
	at org.junit.runners.model.FrameworkMethod$1.runReflectiveCall(FrameworkMethod.java:44)
	at org.junit.internal.runners.model.ReflectiveCallable.run(ReflectiveCallable.java:15)
	at org.junit.runners.model.FrameworkMethod.invokeExplosively(FrameworkMethod.java:41)
	at org.junit.internal.runners.statements.InvokeMethod.evaluate(InvokeMethod.java:20)
	at org.junit.internal.runners.statements.FailOnTimeout$1.run(FailOnTimeout.java:28)
</error>
    <system-err>eu.ist_phosphorus.harmony.common.serviceinterface.databinding.jaxb.exceptions.UnexpectedFaultException: AbstractTopologyRegistrator has to be Instanciated before forwarding Requests!
	at eu.ist_phosphorus.harmony.common.serviceinterface.utils.ForwardingHelper.getLocalDomain(ForwardingHelper.java:141)
	at eu.ist_phosphorus.harmony.common.serviceinterface.utils.ForwardingHelper.getSuffix(ForwardingHelper.java:217)
	at eu.ist_phosphorus.harmony.common.serviceinterface.utils.ForwardingHelper.isForeignRequest(ForwardingHelper.java:386)
	at eu.ist_phosphorus.harmony.common.serviceinterface.reservation.CommonReservationHandler.invokeMethod(CommonReservationHandler.java:179)
	at eu.ist_phosphorus.harmony.common.serviceinterface.RequestHandler.runRequest(RequestHandler.java:230)
	at eu.ist_phosphorus.harmony.common.serviceinterface.RequestHandler.handle(RequestHandler.java:113)
	at eu.ist_phosphorus.harmony.adapter.uclp.webservice.ReservationWS.activate(ReservationWS.java:54)
	at sun.reflect.NativeMethodAccessorImpl.invoke0(Native Method)
	at sun.reflect.NativeMethodAccessorImpl.invoke(NativeMethodAccessorImpl.java:57)
	at sun.reflect.DelegatingMethodAccessorImpl.invoke(DelegatingMethodAccessorImpl.java:43)
	at java.lang.reflect.Method.invoke(Method.java:616)
	at eu.ist_phosphorus.harmony.common.serviceinterface.reservation.CommonReservationClient.callServer(CommonReservationClient.java:134)
	at eu.ist_phosphorus.harmony.common.serviceinterface.reservation.CommonReservationClient.activate(CommonReservationClient.java:104)
	at eu.ist_phosphorus.harmony.test.adapter.uclp.webservice.TestWebservice.createActivate(TestWebservice.java:242)
	at eu.ist_phosphorus.harmony.test.adapter.uclp.webservice.TestWebservice.testActivateReservation(TestWebservice.java:375)
	at sun.reflect.NativeMethodAccessorImpl.invoke0(Native Method)
	at sun.reflect.NativeMethodAccessorImpl.invoke(NativeMethodAccessorImpl.java:57)
	at sun.reflect.DelegatingMethodAccessorImpl.invoke(DelegatingMethodAccessorImpl.java:43)
	at java.lang.reflect.Method.invoke(Method.java:616)
	at org.junit.runners.model.FrameworkMethod$1.runReflectiveCall(FrameworkMethod.java:44)
	at org.junit.internal.runners.model.ReflectiveCallable.run(ReflectiveCallable.java:15)
	at org.junit.runners.model.FrameworkMethod.invokeExplosively(FrameworkMethod.java:41)
	at org.junit.internal.runners.statements.InvokeMethod.evaluate(InvokeMethod.java:20)
	at org.junit.internal.runners.statements.FailOnTimeout$1.run(FailOnTimeout.java:28)
</system-err>
  </testcase>
  <testcase time="0.011" classname="eu.ist_phosphorus.harmony.test.adapter.uclp.webservice.TestWebservice" name="testCancelReservation">
    <error message="AbstractTopologyRegistrator has to be Instanciated before forwarding Requests!" type="eu.ist_phosphorus.harmony.common.serviceinterface.databinding.jaxb.exceptions.UnexpectedFaultException">eu.ist_phosphorus.harmony.common.serviceinterface.databinding.jaxb.exceptions.UnexpectedFaultException: AbstractTopologyRegistrator has to be Instanciated before forwarding Requests!
	at eu.ist_phosphorus.harmony.common.serviceinterface.utils.ForwardingHelper.getLocalDomain(ForwardingHelper.java:141)
	at eu.ist_phosphorus.harmony.common.serviceinterface.utils.ForwardingHelper.getSuffix(ForwardingHelper.java:217)
	at eu.ist_phosphorus.harmony.common.serviceinterface.utils.ForwardingHelper.isForeignRequest(ForwardingHelper.java:386)
	at eu.ist_phosphorus.harmony.common.serviceinterface.reservation.CommonReservationHandler.invokeMethod(CommonReservationHandler.java:179)
	at eu.ist_phosphorus.harmony.common.serviceinterface.RequestHandler.runRequest(RequestHandler.java:230)
	at eu.ist_phosphorus.harmony.common.serviceinterface.RequestHandler.handle(RequestHandler.java:113)
	at eu.ist_phosphorus.harmony.adapter.uclp.webservice.ReservationWS.cancelReservation(ReservationWS.java:94)
	at sun.reflect.NativeMethodAccessorImpl.invoke0(Native Method)
	at sun.reflect.NativeMethodAccessorImpl.invoke(NativeMethodAccessorImpl.java:57)
	at sun.reflect.DelegatingMethodAccessorImpl.invoke(DelegatingMethodAccessorImpl.java:43)
	at java.lang.reflect.Method.invoke(Method.java:616)
	at eu.ist_phosphorus.harmony.common.serviceinterface.reservation.CommonReservationClient.callServer(CommonReservationClient.java:134)
	at eu.ist_phosphorus.harmony.common.serviceinterface.reservation.CommonReservationClient.cancelReservation(CommonReservationClient.java:173)
	at eu.ist_phosphorus.harmony.test.adapter.uclp.webservice.TestWebservice.cancelReservation(TestWebservice.java:268)
	at eu.ist_phosphorus.harmony.test.adapter.uclp.webservice.TestWebservice.testCancelReservation(TestWebservice.java:387)
	at sun.reflect.NativeMethodAccessorImpl.invoke0(Native Method)
	at sun.reflect.NativeMethodAccessorImpl.invoke(NativeMethodAccessorImpl.java:57)
	at sun.reflect.DelegatingMethodAccessorImpl.invoke(DelegatingMethodAccessorImpl.java:43)
	at java.lang.reflect.Method.invoke(Method.java:616)
	at org.junit.runners.model.FrameworkMethod$1.runReflectiveCall(FrameworkMethod.java:44)
	at org.junit.internal.runners.model.ReflectiveCallable.run(ReflectiveCallable.java:15)
	at org.junit.runners.model.FrameworkMethod.invokeExplosively(FrameworkMethod.java:41)
	at org.junit.internal.runners.statements.InvokeMethod.evaluate(InvokeMethod.java:20)
	at org.junit.internal.runners.statements.FailOnTimeout$1.run(FailOnTimeout.java:28)
</error>
    <system-err>eu.ist_phosphorus.harmony.common.serviceinterface.databinding.jaxb.exceptions.UnexpectedFaultException: AbstractTopologyRegistrator has to be Instanciated before forwarding Requests!
	at eu.ist_phosphorus.harmony.common.serviceinterface.utils.ForwardingHelper.getLocalDomain(ForwardingHelper.java:141)
	at eu.ist_phosphorus.harmony.common.serviceinterface.utils.ForwardingHelper.getSuffix(ForwardingHelper.java:217)
	at eu.ist_phosphorus.harmony.common.serviceinterface.utils.ForwardingHelper.isForeignRequest(ForwardingHelper.java:386)
	at eu.ist_phosphorus.harmony.common.serviceinterface.reservation.CommonReservationHandler.invokeMethod(CommonReservationHandler.java:179)
	at eu.ist_phosphorus.harmony.common.serviceinterface.RequestHandler.runRequest(RequestHandler.java:230)
	at eu.ist_phosphorus.harmony.common.serviceinterface.RequestHandler.handle(RequestHandler.java:113)
	at eu.ist_phosphorus.harmony.adapter.uclp.webservice.ReservationWS.cancelReservation(ReservationWS.java:94)
	at sun.reflect.NativeMethodAccessorImpl.invoke0(Native Method)
	at sun.reflect.NativeMethodAccessorImpl.invoke(NativeMethodAccessorImpl.java:57)
	at sun.reflect.DelegatingMethodAccessorImpl.invoke(DelegatingMethodAccessorImpl.java:43)
	at java.lang.reflect.Method.invoke(Method.java:616)
	at eu.ist_phosphorus.harmony.common.serviceinterface.reservation.CommonReservationClient.callServer(CommonReservationClient.java:134)
	at eu.ist_phosphorus.harmony.common.serviceinterface.reservation.CommonReservationClient.cancelReservation(CommonReservationClient.java:173)
	at eu.ist_phosphorus.harmony.test.adapter.uclp.webservice.TestWebservice.cancelReservation(TestWebservice.java:268)
	at eu.ist_phosphorus.harmony.test.adapter.uclp.webservice.TestWebservice.testCancelReservation(TestWebservice.java:387)
	at sun.reflect.NativeMethodAccessorImpl.invoke0(Native Method)
	at sun.reflect.NativeMethodAccessorImpl.invoke(NativeMethodAccessorImpl.java:57)
	at sun.reflect.DelegatingMethodAccessorImpl.invoke(DelegatingMethodAccessorImpl.java:43)
	at java.lang.reflect.Method.invoke(Method.java:616)
	at org.junit.runners.model.FrameworkMethod$1.runReflectiveCall(FrameworkMethod.java:44)
	at org.junit.internal.runners.model.ReflectiveCallable.run(ReflectiveCallable.java:15)
	at org.junit.runners.model.FrameworkMethod.invokeExplosively(FrameworkMethod.java:41)
	at org.junit.internal.runners.statements.InvokeMethod.evaluate(InvokeMethod.java:20)
	at org.junit.internal.runners.statements.FailOnTimeout$1.run(FailOnTimeout.java:28)
</system-err>
  </testcase>
  <testcase time="0.016" classname="eu.ist_phosphorus.harmony.test.adapter.uclp.webservice.TestWebservice" name="testUnimplementedMethod">
    <error message="Unexpected exception, expected&lt;eu.ist_phosphorus.harmony.common.serviceinterface.databinding.jaxb.exceptions.OperationNotSupportedFaultException&gt; but was&lt;eu.ist_phosphorus.harmony.common.serviceinterface.databinding.jaxb.exceptions.UnexpectedFaultException&gt;" type="java.lang.Exception">java.lang.Exception: Unexpected exception, expected&lt;eu.ist_phosphorus.harmony.common.serviceinterface.databinding.jaxb.exceptions.OperationNotSupportedFaultException&gt; but was&lt;eu.ist_phosphorus.harmony.common.serviceinterface.databinding.jaxb.exceptions.UnexpectedFaultException&gt;
	at org.junit.internal.runners.statements.ExpectException.evaluate(ExpectException.java:28)
	at org.junit.internal.runners.statements.FailOnTimeout$1.run(FailOnTimeout.java:28)
Caused by: eu.ist_phosphorus.harmony.common.serviceinterface.databinding.jaxb.exceptions.UnexpectedFaultException: AbstractTopologyRegistrator has to be Instanciated before forwarding Requests!
	at eu.ist_phosphorus.harmony.common.serviceinterface.utils.ForwardingHelper.getLocalDomain(ForwardingHelper.java:141)
	at eu.ist_phosphorus.harmony.common.serviceinterface.utils.ForwardingHelper.getSuffix(ForwardingHelper.java:217)
	at eu.ist_phosphorus.harmony.common.serviceinterface.utils.ForwardingHelper.isForeignRequest(ForwardingHelper.java:386)
	at eu.ist_phosphorus.harmony.common.serviceinterface.reservation.CommonReservationHandler.invokeMethod(CommonReservationHandler.java:179)
	at eu.ist_phosphorus.harmony.common.serviceinterface.RequestHandler.runRequest(RequestHandler.java:230)
	at eu.ist_phosphorus.harmony.common.serviceinterface.RequestHandler.handle(RequestHandler.java:113)
	at eu.ist_phosphorus.harmony.adapter.uclp.webservice.ReservationWS.bind(ReservationWS.java:67)
	at sun.reflect.NativeMethodAccessorImpl.invoke0(Native Method)
	at sun.reflect.NativeMethodAccessorImpl.invoke(NativeMethodAccessorImpl.java:57)
	at sun.reflect.DelegatingMethodAccessorImpl.invoke(DelegatingMethodAccessorImpl.java:43)
	at java.lang.reflect.Method.invoke(Method.java:616)
	at eu.ist_phosphorus.harmony.common.serviceinterface.reservation.CommonReservationClient.callServer(CommonReservationClient.java:134)
	at eu.ist_phosphorus.harmony.common.serviceinterface.reservation.CommonReservationClient.bind(CommonReservationClient.java:118)
	at eu.ist_phosphorus.harmony.common.serviceinterface.reservation.SimpleReservationClient.bind(SimpleReservationClient.java:279)
	at eu.ist_phosphorus.harmony.test.adapter.uclp.webservice.TestWebservice.testUnimplementedMethod(TestWebservice.java:400)
	at sun.reflect.NativeMethodAccessorImpl.invoke0(Native Method)
	at sun.reflect.NativeMethodAccessorImpl.invoke(NativeMethodAccessorImpl.java:57)
	at sun.reflect.DelegatingMethodAccessorImpl.invoke(DelegatingMethodAccessorImpl.java:43)
	at java.lang.reflect.Method.invoke(Method.java:616)
	at org.junit.runners.model.FrameworkMethod$1.runReflectiveCall(FrameworkMethod.java:44)
	at org.junit.internal.runners.model.ReflectiveCallable.run(ReflectiveCallable.java:15)
	at org.junit.runners.model.FrameworkMethod.invokeExplosively(FrameworkMethod.java:41)
	at org.junit.internal.runners.statements.InvokeMethod.evaluate(InvokeMethod.java:20)
	at org.junit.internal.runners.statements.ExpectException.evaluate(ExpectException.java:21)
	... 1 more
</error>
    <system-err>eu.ist_phosphorus.harmony.common.serviceinterface.databinding.jaxb.exceptions.UnexpectedFaultException: AbstractTopologyRegistrator has to be Instanciated before forwarding Requests!
	at eu.ist_phosphorus.harmony.common.serviceinterface.utils.ForwardingHelper.getLocalDomain(ForwardingHelper.java:141)
	at eu.ist_phosphorus.harmony.common.serviceinterface.utils.ForwardingHelper.getSuffix(ForwardingHelper.java:217)
	at eu.ist_phosphorus.harmony.common.serviceinterface.utils.ForwardingHelper.isForeignRequest(ForwardingHelper.java:386)
	at eu.ist_phosphorus.harmony.common.serviceinterface.reservation.CommonReservationHandler.invokeMethod(CommonReservationHandler.java:179)
	at eu.ist_phosphorus.harmony.common.serviceinterface.RequestHandler.runRequest(RequestHandler.java:230)
	at eu.ist_phosphorus.harmony.common.serviceinterface.RequestHandler.handle(RequestHandler.java:113)
	at eu.ist_phosphorus.harmony.adapter.uclp.webservice.ReservationWS.bind(ReservationWS.java:67)
	at sun.reflect.NativeMethodAccessorImpl.invoke0(Native Method)
	at sun.reflect.NativeMethodAccessorImpl.invoke(NativeMethodAccessorImpl.java:57)
	at sun.reflect.DelegatingMethodAccessorImpl.invoke(DelegatingMethodAccessorImpl.java:43)
	at java.lang.reflect.Method.invoke(Method.java:616)
	at eu.ist_phosphorus.harmony.common.serviceinterface.reservation.CommonReservationClient.callServer(CommonReservationClient.java:134)
	at eu.ist_phosphorus.harmony.common.serviceinterface.reservation.CommonReservationClient.bind(CommonReservationClient.java:118)
	at eu.ist_phosphorus.harmony.common.serviceinterface.reservation.SimpleReservationClient.bind(SimpleReservationClient.java:279)
	at eu.ist_phosphorus.harmony.test.adapter.uclp.webservice.TestWebservice.testUnimplementedMethod(TestWebservice.java:400)
	at sun.reflect.NativeMethodAccessorImpl.invoke0(Native Method)
	at sun.reflect.NativeMethodAccessorImpl.invoke(NativeMethodAccessorImpl.java:57)
	at sun.reflect.DelegatingMethodAccessorImpl.invoke(DelegatingMethodAccessorImpl.java:43)
	at java.lang.reflect.Method.invoke(Method.java:616)
	at org.junit.runners.model.FrameworkMethod$1.runReflectiveCall(FrameworkMethod.java:44)
	at org.junit.internal.runners.model.ReflectiveCallable.run(ReflectiveCallable.java:15)
	at org.junit.runners.model.FrameworkMethod.invokeExplosively(FrameworkMethod.java:41)
	at org.junit.internal.runners.statements.InvokeMethod.evaluate(InvokeMethod.java:20)
	at org.junit.internal.runners.statements.ExpectException.evaluate(ExpectException.java:21)
	at org.junit.internal.runners.statements.FailOnTimeout$1.run(FailOnTimeout.java:28)
</system-err>
  </testcase>
</testsuite>