<?xml version="1.0" encoding="UTF-8" ?>
<testsuite failures="0" time="0.278" errors="0" skipped="0" tests="3" name="eu.ist_phosphorus.harmony.test.adapter.arrm.webservice.TestReservationWS">
  <properties>
[...]
</properties>
  <testcase time="0.151" classname="eu.ist_phosphorus.harmony.test.adapter.arrm.webservice.TestReservationWS" name="testCreateReservationWorkflow"/>
  <testcase time="0.083" classname="eu.ist_phosphorus.harmony.test.adapter.arrm.webservice.TestReservationWS" name="testGetReservations"/>
  <testcase time="0.024" classname="eu.ist_phosphorus.harmony.test.adapter.arrm.webservice.TestReservationWS" name="testBind"/>
</testsuite>